<?xml version="1.0" encoding="UTF-8"?>
<coverage generated="1576857983">
  <project timestamp="1576857983">
    <package name="App\Application\Service">
      <file name="/home/wsferreira/projetos/control-media/control-media-backend/src/Application/Service/MediaApplicationService.php">
        <class name="App\Application\Service\MediaApplicationService" namespace="App\Application\Service">
          <metrics complexity="12" methods="7" coveredmethods="0" conditionals="0" coveredconditionals="0" statements="44" coveredstatements="0" elements="51" coveredelements="0"/>
        </class>
        <line num="28" type="method" name="__construct" visibility="public" complexity="1" crap="2" count="0"/>
        <line num="29" type="stmt" count="0"/>
        <line num="30" type="stmt" count="0"/>
        <line num="31" type="stmt" count="0"/>
        <line num="32" type="stmt" count="0"/>
        <line num="33" type="stmt" count="0"/>
        <line num="34" type="stmt" count="0"/>
        <line num="36" type="method" name="findAllMedia" visibility="public" complexity="1" crap="2" count="0"/>
        <line num="37" type="stmt" count="0"/>
        <line num="38" type="stmt" count="0"/>
        <line num="39" type="stmt" count="0"/>
        <line num="41" type="method" name="findMedia" visibility="public" complexity="2" crap="6" count="0"/>
        <line num="42" type="stmt" count="0"/>
        <line num="43" type="stmt" count="0"/>
        <line num="44" type="stmt" count="0"/>
        <line num="51" type="method" name="createMedia" visibility="public" complexity="3" crap="12" count="0"/>
        <line num="52" type="stmt" count="0"/>
        <line num="53" type="stmt" count="0"/>
        <line num="54" type="stmt" count="0"/>
        <line num="55" type="stmt" count="0"/>
        <line num="57" type="stmt" count="0"/>
        <line num="58" type="stmt" count="0"/>
        <line num="59" type="stmt" count="0"/>
        <line num="60" type="stmt" count="0"/>
        <line num="61" type="stmt" count="0"/>
        <line num="62" type="stmt" count="0"/>
        <line num="69" type="method" name="deleteMedia" visibility="public" complexity="2" crap="6" count="0"/>
        <line num="70" type="stmt" count="0"/>
        <line num="71" type="stmt" count="0"/>
        <line num="72" type="stmt" count="0"/>
        <line num="73" type="stmt" count="0"/>
        <line num="75" type="stmt" count="0"/>
        <line num="76" type="stmt" count="0"/>
        <line num="77" type="stmt" count="0"/>
        <line num="78" type="stmt" count="0"/>
        <line num="79" type="stmt" count="0"/>
        <line num="80" type="stmt" count="0"/>
        <line num="87" type="method" name="updateMedia" visibility="public" complexity="2" crap="6" count="0"/>
        <line num="88" type="stmt" count="0"/>
        <line num="89" type="stmt" count="0"/>
        <line num="90" type="stmt" count="0"/>
        <line num="91" type="stmt" count="0"/>
        <line num="93" type="stmt" count="0"/>
        <line num="94" type="stmt" count="0"/>
        <line num="95" type="stmt" count="0"/>
        <line num="96" type="stmt" count="0"/>
        <line num="97" type="stmt" count="0"/>
        <line num="98" type="stmt" count="0"/>
        <line num="108" type="method" name="findBy" visibility="public" complexity="1" crap="2" count="0"/>
        <line num="109" type="stmt" count="0"/>
        <line num="110" type="stmt" count="0"/>
        <metrics loc="112" ncloc="78" classes="1" methods="7" coveredmethods="0" conditionals="0" coveredconditionals="0" statements="44" coveredstatements="0" elements="51" coveredelements="0"/>
      </file>
      <file name="/home/wsferreira/projetos/control-media/control-media-backend/src/Application/Service/MediaPersonLoanApplicationService.php">
        <class name="App\Application\Service\MediaPersonLoanApplicationService" namespace="App\Application\Service">
          <metrics complexity="4" methods="4" coveredmethods="0" conditionals="0" coveredconditionals="0" statements="11" coveredstatements="0" elements="15" coveredelements="0"/>
        </class>
        <line num="23" type="method" name="__construct" visibility="public" complexity="1" crap="2" count="0"/>
        <line num="24" type="stmt" count="0"/>
        <line num="26" type="stmt" count="0"/>
        <line num="27" type="stmt" count="0"/>
        <line num="29" type="method" name="returnDataPersonPickedUpBookHandler" visibility="public" complexity="1" crap="2" count="0"/>
        <line num="30" type="stmt" count="0"/>
        <line num="31" type="stmt" count="0"/>
        <line num="38" type="method" name="createMediaPersonLoan" visibility="public" complexity="1" crap="2" count="0"/>
        <line num="39" type="stmt" count="0"/>
        <line num="40" type="stmt" count="0"/>
        <line num="41" type="stmt" count="0"/>
        <line num="43" type="method" name="returnMediaPersonLoan" visibility="public" complexity="1" crap="2" count="0"/>
        <line num="44" type="stmt" count="0"/>
        <line num="45" type="stmt" count="0"/>
        <line num="46" type="stmt" count="0"/>
        <metrics loc="47" ncloc="35" classes="1" methods="4" coveredmethods="0" conditionals="0" coveredconditionals="0" statements="11" coveredstatements="0" elements="15" coveredelements="0"/>
      </file>
      <file name="/home/wsferreira/projetos/control-media/control-media-backend/src/Application/Service/PersonApplicationService.php">
        <class name="App\Application\Service\PersonApplicationService" namespace="App\Application\Service">
          <metrics complexity="4" methods="3" coveredmethods="0" conditionals="0" coveredconditionals="0" statements="17" coveredstatements="0" elements="20" coveredelements="0"/>
        </class>
        <line num="26" type="method" name="__construct" visibility="public" complexity="1" crap="2" count="0"/>
        <line num="27" type="stmt" count="0"/>
        <line num="28" type="stmt" count="0"/>
        <line num="29" type="stmt" count="0"/>
        <line num="30" type="stmt" count="0"/>
        <line num="37" type="method" name="createPerson" visibility="public" complexity="2" crap="6" count="0"/>
        <line num="38" type="stmt" count="0"/>
        <line num="39" type="stmt" count="0"/>
        <line num="40" type="stmt" count="0"/>
        <line num="41" type="stmt" count="0"/>
        <line num="42" type="stmt" count="0"/>
        <line num="43" type="stmt" count="0"/>
        <line num="44" type="stmt" count="0"/>
        <line num="45" type="stmt" count="0"/>
        <line num="46" type="stmt" count="0"/>
        <line num="47" type="stmt" count="0"/>
        <line num="48" type="stmt" count="0"/>
        <line num="50" type="method" name="findPerson" visibility="public" complexity="1" crap="2" count="0"/>
        <line num="51" type="stmt" count="0"/>
        <line num="52" type="stmt" count="0"/>
        <metrics loc="53" ncloc="37" classes="1" methods="3" coveredmethods="0" conditionals="0" coveredconditionals="0" statements="17" coveredstatements="0" elements="20" coveredelements="0"/>
      </file>
    </package>
    <package name="App\BaseProject">
      <file name="/home/wsferreira/projetos/control-media/control-media-backend/src/BaseProject/BaseController.php">
        <class name="App\BaseProject\BaseController" namespace="App\BaseProject">
          <metrics complexity="6" methods="1" coveredmethods="0" conditionals="0" coveredconditionals="0" statements="11" coveredstatements="0" elements="12" coveredelements="0"/>
        </class>
        <line num="11" type="method" name="__invoke" complexity="5" crap="30" count="0"/>
        <line num="12" type="stmt" count="0"/>
        <line num="13" type="stmt" count="0"/>
        <line num="14" type="stmt" count="0"/>
        <line num="15" type="stmt" count="0"/>
        <line num="16" type="stmt" count="0"/>
        <line num="17" type="stmt" count="0"/>
        <line num="18" type="stmt" count="0"/>
        <line num="19" type="stmt" count="0"/>
        <line num="20" type="stmt" count="0"/>
        <line num="21" type="stmt" count="0"/>
        <line num="22" type="stmt" count="0"/>
        <metrics loc="25" ncloc="25" classes="1" methods="1" coveredmethods="0" conditionals="0" coveredconditionals="0" statements="11" coveredstatements="0" elements="12" coveredelements="0"/>
      </file>
    </package>
    <file name="/home/wsferreira/projetos/control-media/control-media-backend/src/Domain/Contract/Application/ConnectionApplicationInterface.php">
      <metrics loc="14" ncloc="14" classes="0" methods="0" coveredmethods="0" conditionals="0" coveredconditionals="0" statements="0" coveredstatements="0" elements="0" coveredelements="0"/>
    </file>
    <file name="/home/wsferreira/projetos/control-media/control-media-backend/src/Domain/Contract/Application/MediaApplicationServiceInterface.php">
      <metrics loc="12" ncloc="12" classes="0" methods="0" coveredmethods="0" conditionals="0" coveredconditionals="0" statements="0" coveredstatements="0" elements="0" coveredelements="0"/>
    </file>
    <file name="/home/wsferreira/projetos/control-media/control-media-backend/src/Domain/Contract/Application/MediaPersonLoanApplicationServiceInterface.php">
      <metrics loc="12" ncloc="12" classes="0" methods="0" coveredmethods="0" conditionals="0" coveredconditionals="0" statements="0" coveredstatements="0" elements="0" coveredelements="0"/>
    </file>
    <file name="/home/wsferreira/projetos/control-media/control-media-backend/src/Domain/Contract/Application/PersonApplicationServiceInterface.php">
      <metrics loc="8" ncloc="8" classes="0" methods="0" coveredmethods="0" conditionals="0" coveredconditionals="0" statements="0" coveredstatements="0" elements="0" coveredelements="0"/>
    </file>
    <file name="/home/wsferreira/projetos/control-media/control-media-backend/src/Domain/Contract/Domain/DataBaseBuildInterface.php">
      <metrics loc="31" ncloc="24" classes="0" methods="0" coveredmethods="0" conditionals="0" coveredconditionals="0" statements="0" coveredstatements="0" elements="0" coveredelements="0"/>
    </file>
    <file name="/home/wsferreira/projetos/control-media/control-media-backend/src/Domain/Contract/Infrastruture/Repository/MediaPersonLoanRepositoryInterface.php">
      <metrics loc="16" ncloc="16" classes="0" methods="0" coveredmethods="0" conditionals="0" coveredconditionals="0" statements="0" coveredstatements="0" elements="0" coveredelements="0"/>
    </file>
    <file name="/home/wsferreira/projetos/control-media/control-media-backend/src/Domain/Contract/Infrastruture/Repository/MediaRepositoryInterface.php">
      <metrics loc="21" ncloc="21" classes="0" methods="0" coveredmethods="0" conditionals="0" coveredconditionals="0" statements="0" coveredstatements="0" elements="0" coveredelements="0"/>
    </file>
    <file name="/home/wsferreira/projetos/control-media/control-media-backend/src/Domain/Contract/Infrastruture/Repository/MediaTypeRepositoryInterface.php">
      <metrics loc="11" ncloc="11" classes="0" methods="0" coveredmethods="0" conditionals="0" coveredconditionals="0" statements="0" coveredstatements="0" elements="0" coveredelements="0"/>
    </file>
    <file name="/home/wsferreira/projetos/control-media/control-media-backend/src/Domain/Contract/Infrastruture/Repository/PersonRepositoryInterface.php">
      <metrics loc="13" ncloc="13" classes="0" methods="0" coveredmethods="0" conditionals="0" coveredconditionals="0" statements="0" coveredstatements="0" elements="0" coveredelements="0"/>
    </file>
    <package name="App\Domain\Entity">
      <file name="/home/wsferreira/projetos/control-media/control-media-backend/src/Domain/Entity/Media.php">
        <class name="App\Domain\Entity\Media" namespace="App\Domain\Entity">
          <metrics complexity="11" methods="10" coveredmethods="0" conditionals="0" coveredconditionals="0" statements="34" coveredstatements="0" elements="44" coveredelements="0"/>
        </class>
        <line num="38" type="method" name="__construct" visibility="public" complexity="1" crap="2" count="0"/>
        <line num="39" type="stmt" count="0"/>
        <line num="40" type="stmt" count="0"/>
        <line num="41" type="stmt" count="0"/>
        <line num="51" type="method" name="setTitle" visibility="public" complexity="1" crap="2" count="0"/>
        <line num="52" type="stmt" count="0"/>
        <line num="53" type="stmt" count="0"/>
        <line num="55" type="stmt" count="0"/>
        <line num="56" type="stmt" count="0"/>
        <line num="63" type="method" name="getTitle" visibility="public" complexity="1" crap="2" count="0"/>
        <line num="64" type="stmt" count="0"/>
        <line num="65" type="stmt" count="0"/>
        <line num="66" type="stmt" count="0"/>
        <line num="75" type="method" name="setDescription" visibility="public" complexity="1" crap="2" count="0"/>
        <line num="76" type="stmt" count="0"/>
        <line num="77" type="stmt" count="0"/>
        <line num="79" type="stmt" count="0"/>
        <line num="80" type="stmt" count="0"/>
        <line num="87" type="method" name="getDescription" visibility="public" complexity="1" crap="2" count="0"/>
        <line num="88" type="stmt" count="0"/>
        <line num="89" type="stmt" count="0"/>
        <line num="90" type="stmt" count="0"/>
        <line num="99" type="method" name="setRegistrationDate" visibility="public" complexity="2" crap="6" count="0"/>
        <line num="100" type="stmt" count="0"/>
        <line num="101" type="stmt" count="0"/>
        <line num="103" type="stmt" count="0"/>
        <line num="104" type="stmt" count="0"/>
        <line num="111" type="method" name="getRegistrationDate" visibility="public" complexity="1" crap="2" count="0"/>
        <line num="112" type="stmt" count="0"/>
        <line num="113" type="stmt" count="0"/>
        <line num="114" type="stmt" count="0"/>
        <line num="121" type="method" name="getId" visibility="public" complexity="1" crap="2" count="0"/>
        <line num="122" type="stmt" count="0"/>
        <line num="123" type="stmt" count="0"/>
        <line num="124" type="stmt" count="0"/>
        <line num="133" type="method" name="setType" visibility="public" complexity="1" crap="2" count="0"/>
        <line num="134" type="stmt" count="0"/>
        <line num="135" type="stmt" count="0"/>
        <line num="137" type="stmt" count="0"/>
        <line num="138" type="stmt" count="0"/>
        <line num="145" type="method" name="getType" visibility="public" complexity="1" crap="2" count="0"/>
        <line num="146" type="stmt" count="0"/>
        <line num="147" type="stmt" count="0"/>
        <line num="148" type="stmt" count="0"/>
        <metrics loc="149" ncloc="78" classes="1" methods="10" coveredmethods="0" conditionals="0" coveredconditionals="0" statements="34" coveredstatements="0" elements="44" coveredelements="0"/>
      </file>
      <file name="/home/wsferreira/projetos/control-media/control-media-backend/src/Domain/Entity/MediaPersonLoan.php">
        <class name="App\Domain\Entity\MediaPersonLoan" namespace="App\Domain\Entity">
          <metrics complexity="7" methods="7" coveredmethods="0" conditionals="0" coveredconditionals="0" statements="24" coveredstatements="0" elements="31" coveredelements="0"/>
        </class>
        <line num="33" type="method" name="getId" visibility="public" complexity="1" crap="2" count="0"/>
        <line num="34" type="stmt" count="0"/>
        <line num="35" type="stmt" count="0"/>
        <line num="36" type="stmt" count="0"/>
        <line num="45" type="method" name="setMedia" visibility="public" complexity="1" crap="2" count="0"/>
        <line num="46" type="stmt" count="0"/>
        <line num="47" type="stmt" count="0"/>
        <line num="49" type="stmt" count="0"/>
        <line num="50" type="stmt" count="0"/>
        <line num="57" type="method" name="getMedia" visibility="public" complexity="1" crap="2" count="0"/>
        <line num="58" type="stmt" count="0"/>
        <line num="59" type="stmt" count="0"/>
        <line num="60" type="stmt" count="0"/>
        <line num="69" type="method" name="setPerson" visibility="public" complexity="1" crap="2" count="0"/>
        <line num="70" type="stmt" count="0"/>
        <line num="71" type="stmt" count="0"/>
        <line num="73" type="stmt" count="0"/>
        <line num="74" type="stmt" count="0"/>
        <line num="81" type="method" name="getPerson" visibility="public" complexity="1" crap="2" count="0"/>
        <line num="82" type="stmt" count="0"/>
        <line num="83" type="stmt" count="0"/>
        <line num="84" type="stmt" count="0"/>
        <line num="93" type="method" name="setReturnedAt" visibility="public" complexity="1" crap="2" count="0"/>
        <line num="94" type="stmt" count="0"/>
        <line num="95" type="stmt" count="0"/>
        <line num="97" type="stmt" count="0"/>
        <line num="98" type="stmt" count="0"/>
        <line num="105" type="method" name="getReturnedAt" visibility="public" complexity="1" crap="2" count="0"/>
        <line num="106" type="stmt" count="0"/>
        <line num="107" type="stmt" count="0"/>
        <line num="108" type="stmt" count="0"/>
        <metrics loc="109" ncloc="56" classes="1" methods="7" coveredmethods="0" conditionals="0" coveredconditionals="0" statements="24" coveredstatements="0" elements="31" coveredelements="0"/>
      </file>
      <file name="/home/wsferreira/projetos/control-media/control-media-backend/src/Domain/Entity/MediaType.php">
        <class name="App\Domain\Entity\MediaType" namespace="App\Domain\Entity">
          <metrics complexity="3" methods="3" coveredmethods="0" conditionals="0" coveredconditionals="0" statements="10" coveredstatements="0" elements="13" coveredelements="0"/>
        </class>
        <line num="29" type="method" name="setDescription" visibility="public" complexity="1" crap="2" count="0"/>
        <line num="30" type="stmt" count="0"/>
        <line num="31" type="stmt" count="0"/>
        <line num="33" type="stmt" count="0"/>
        <line num="34" type="stmt" count="0"/>
        <line num="41" type="method" name="getDescription" visibility="public" complexity="1" crap="2" count="0"/>
        <line num="42" type="stmt" count="0"/>
        <line num="43" type="stmt" count="0"/>
        <line num="44" type="stmt" count="0"/>
        <line num="51" type="method" name="getId" visibility="public" complexity="1" crap="2" count="0"/>
        <line num="52" type="stmt" count="0"/>
        <line num="53" type="stmt" count="0"/>
        <line num="54" type="stmt" count="0"/>
        <metrics loc="55" ncloc="28" classes="1" methods="3" coveredmethods="0" conditionals="0" coveredconditionals="0" statements="10" coveredstatements="0" elements="13" coveredelements="0"/>
      </file>
      <file name="/home/wsferreira/projetos/control-media/control-media-backend/src/Domain/Entity/Person.php">
        <class name="App\Domain\Entity\Person" namespace="App\Domain\Entity">
          <metrics complexity="5" methods="5" coveredmethods="0" conditionals="0" coveredconditionals="0" statements="17" coveredstatements="0" elements="22" coveredelements="0"/>
        </class>
        <line num="33" type="method" name="setName" visibility="public" complexity="1" crap="2" count="0"/>
        <line num="34" type="stmt" count="0"/>
        <line num="35" type="stmt" count="0"/>
        <line num="37" type="stmt" count="0"/>
        <line num="38" type="stmt" count="0"/>
        <line num="45" type="method" name="getName" visibility="public" complexity="1" crap="2" count="0"/>
        <line num="46" type="stmt" count="0"/>
        <line num="47" type="stmt" count="0"/>
        <line num="48" type="stmt" count="0"/>
        <line num="57" type="method" name="setDateOfBirth" visibility="public" complexity="1" crap="2" count="0"/>
        <line num="58" type="stmt" count="0"/>
        <line num="59" type="stmt" count="0"/>
        <line num="61" type="stmt" count="0"/>
        <line num="62" type="stmt" count="0"/>
        <line num="69" type="method" name="getDateOfBirth" visibility="public" complexity="1" crap="2" count="0"/>
        <line num="70" type="stmt" count="0"/>
        <line num="71" type="stmt" count="0"/>
        <line num="72" type="stmt" count="0"/>
        <line num="79" type="method" name="getId" visibility="public" complexity="1" crap="2" count="0"/>
        <line num="80" type="stmt" count="0"/>
        <line num="81" type="stmt" count="0"/>
        <line num="82" type="stmt" count="0"/>
        <metrics loc="83" ncloc="42" classes="1" methods="5" coveredmethods="0" conditionals="0" coveredconditionals="0" statements="17" coveredstatements="0" elements="22" coveredelements="0"/>
      </file>
    </package>
    <package name="App\Domain\Service">
      <file name="/home/wsferreira/projetos/control-media/control-media-backend/src/Domain/Service/ConnectionApplication.php">
        <class name="App\Domain\Service\ConnectionApplication" namespace="App\Domain\Service">
          <metrics complexity="4" methods="4" coveredmethods="0" conditionals="0" coveredconditionals="0" statements="12" coveredstatements="0" elements="16" coveredelements="0"/>
        </class>
        <line num="15" type="method" name="__construct" visibility="public" complexity="1" crap="2" count="0"/>
        <line num="16" type="stmt" count="0"/>
        <line num="17" type="stmt" count="0"/>
        <line num="18" type="stmt" count="0"/>
        <line num="20" type="method" name="beginTransaction" visibility="public" complexity="1" crap="2" count="0"/>
        <line num="21" type="stmt" count="0"/>
        <line num="22" type="stmt" count="0"/>
        <line num="23" type="stmt" count="0"/>
        <line num="25" type="method" name="commit" visibility="public" complexity="1" crap="2" count="0"/>
        <line num="26" type="stmt" count="0"/>
        <line num="27" type="stmt" count="0"/>
        <line num="28" type="stmt" count="0"/>
        <line num="30" type="method" name="rollback" visibility="public" complexity="1" crap="2" count="0"/>
        <line num="31" type="stmt" count="0"/>
        <line num="32" type="stmt" count="0"/>
        <line num="33" type="stmt" count="0"/>
        <metrics loc="33" ncloc="29" classes="1" methods="4" coveredmethods="0" conditionals="0" coveredconditionals="0" statements="12" coveredstatements="0" elements="16" coveredelements="0"/>
      </file>
      <file name="/home/wsferreira/projetos/control-media/control-media-backend/src/Domain/Service/DatabaseBuild.php">
        <class name="App\Domain\Service\DatabaseBuild" namespace="App\Domain\Service">
          <metrics complexity="11" methods="11" coveredmethods="0" conditionals="0" coveredconditionals="0" statements="33" coveredstatements="0" elements="44" coveredelements="0"/>
        </class>
        <line num="15" type="method" name="__construct" visibility="public" complexity="1" crap="2" count="0"/>
        <line num="16" type="stmt" count="0"/>
        <line num="17" type="stmt" count="0"/>
        <line num="18" type="stmt" count="0"/>
        <line num="20" type="method" name="beginTransaction" visibility="public" complexity="1" crap="2" count="0"/>
        <line num="21" type="stmt" count="0"/>
        <line num="22" type="stmt" count="0"/>
        <line num="23" type="stmt" count="0"/>
        <line num="25" type="method" name="commit" visibility="public" complexity="1" crap="2" count="0"/>
        <line num="26" type="stmt" count="0"/>
        <line num="27" type="stmt" count="0"/>
        <line num="28" type="stmt" count="0"/>
        <line num="30" type="method" name="rollback" visibility="public" complexity="1" crap="2" count="0"/>
        <line num="31" type="stmt" count="0"/>
        <line num="32" type="stmt" count="0"/>
        <line num="33" type="stmt" count="0"/>
        <line num="40" type="method" name="insert" visibility="public" complexity="1" crap="2" count="0"/>
        <line num="41" type="stmt" count="0"/>
        <line num="42" type="stmt" count="0"/>
        <line num="43" type="stmt" count="0"/>
        <line num="49" type="method" name="update" visibility="public" complexity="1" crap="2" count="0"/>
        <line num="50" type="stmt" count="0"/>
        <line num="51" type="stmt" count="0"/>
        <line num="52" type="stmt" count="0"/>
        <line num="58" type="method" name="remove" visibility="public" complexity="1" crap="2" count="0"/>
        <line num="59" type="stmt" count="0"/>
        <line num="60" type="stmt" count="0"/>
        <line num="61" type="stmt" count="0"/>
        <line num="68" type="method" name="persist" visibility="public" complexity="1" crap="2" count="0"/>
        <line num="69" type="stmt" count="0"/>
        <line num="70" type="stmt" count="0"/>
        <line num="71" type="stmt" count="0"/>
        <line num="73" type="method" name="flush" visibility="public" complexity="1" crap="2" count="0"/>
        <line num="74" type="stmt" count="0"/>
        <line num="75" type="stmt" count="0"/>
        <line num="76" type="stmt" count="0"/>
        <line num="82" type="method" name="getRepository" visibility="public" complexity="1" crap="2" count="0"/>
        <line num="83" type="stmt" count="0"/>
        <line num="84" type="stmt" count="0"/>
        <line num="85" type="stmt" count="0"/>
        <line num="90" type="method" name="getEntityManager" visibility="public" complexity="1" crap="2" count="0"/>
        <line num="91" type="stmt" count="0"/>
        <line num="92" type="stmt" count="0"/>
        <line num="93" type="stmt" count="0"/>
        <metrics loc="94" ncloc="64" classes="1" methods="11" coveredmethods="0" conditionals="0" coveredconditionals="0" statements="33" coveredstatements="0" elements="44" coveredelements="0"/>
      </file>
      <file name="/home/wsferreira/projetos/control-media/control-media-backend/src/Domain/Service/MediaPersonLoanService.php">
        <class name="App\Domain\Service\MediaPersonLoanService" namespace="App\Domain\Service">
          <metrics complexity="12" methods="6" coveredmethods="0" conditionals="0" coveredconditionals="0" statements="48" coveredstatements="0" elements="54" coveredelements="0"/>
        </class>
        <line num="42" type="method" name="__construct" visibility="public" complexity="1" crap="2" count="0"/>
        <line num="43" type="stmt" count="0"/>
        <line num="44" type="stmt" count="0"/>
        <line num="45" type="stmt" count="0"/>
        <line num="46" type="stmt" count="0"/>
        <line num="47" type="stmt" count="0"/>
        <line num="48" type="stmt" count="0"/>
        <line num="49" type="stmt" count="0"/>
        <line num="50" type="stmt" count="0"/>
        <line num="55" type="method" name="findAllMediaPersonLoan" visibility="public" complexity="1" crap="2" count="0"/>
        <line num="56" type="stmt" count="0"/>
        <line num="57" type="stmt" count="0"/>
        <line num="58" type="stmt" count="0"/>
        <line num="60" type="method" name="findAllMediaPersonLoanByMedia" visibility="public" complexity="1" crap="2" count="0"/>
        <line num="61" type="stmt" count="0"/>
        <line num="62" type="stmt" count="0"/>
        <line num="63" type="stmt" count="0"/>
        <line num="65" type="method" name="returnDataPersonPickedUpBookHandler" visibility="public" complexity="5" crap="30" count="0"/>
        <line num="66" type="stmt" count="0"/>
        <line num="68" type="stmt" count="0"/>
        <line num="70" type="stmt" count="0"/>
        <line num="71" type="stmt" count="0"/>
        <line num="72" type="stmt" count="0"/>
        <line num="74" type="stmt" count="0"/>
        <line num="75" type="stmt" count="0"/>
        <line num="76" type="stmt" count="0"/>
        <line num="77" type="stmt" count="0"/>
        <line num="79" type="stmt" count="0"/>
        <line num="80" type="stmt" count="0"/>
        <line num="81" type="stmt" count="0"/>
        <line num="83" type="stmt" count="0"/>
        <line num="84" type="stmt" count="0"/>
        <line num="91" type="method" name="createMediaPersonLoan" visibility="public" complexity="3" crap="12" count="0"/>
        <line num="92" type="stmt" count="0"/>
        <line num="94" type="stmt" count="0"/>
        <line num="97" type="stmt" count="0"/>
        <line num="99" type="stmt" count="0"/>
        <line num="100" type="stmt" count="0"/>
        <line num="101" type="stmt" count="0"/>
        <line num="103" type="stmt" count="0"/>
        <line num="104" type="stmt" count="0"/>
        <line num="105" type="stmt" count="0"/>
        <line num="107" type="stmt" count="0"/>
        <line num="108" type="stmt" count="0"/>
        <line num="109" type="stmt" count="0"/>
        <line num="111" type="stmt" count="0"/>
        <line num="113" type="stmt" count="0"/>
        <line num="114" type="stmt" count="0"/>
        <line num="116" type="method" name="returnMediaPersonLoan" visibility="public" complexity="1" crap="2" count="0"/>
        <line num="117" type="stmt" count="0"/>
        <line num="119" type="stmt" count="0"/>
        <line num="120" type="stmt" count="0"/>
        <line num="122" type="stmt" count="0"/>
        <line num="123" type="stmt" count="0"/>
        <metrics loc="124" ncloc="91" classes="1" methods="6" coveredmethods="0" conditionals="0" coveredconditionals="0" statements="48" coveredstatements="0" elements="54" coveredelements="0"/>
      </file>
      <file name="/home/wsferreira/projetos/control-media/control-media-backend/src/Domain/Service/MediaService.php">
        <class name="App\Domain\Service\MediaService" namespace="App\Domain\Service">
          <metrics complexity="16" methods="7" coveredmethods="0" conditionals="0" coveredconditionals="0" statements="60" coveredstatements="0" elements="67" coveredelements="0"/>
        </class>
        <line num="41" type="method" name="__construct" visibility="public" complexity="1" crap="2" count="0"/>
        <line num="42" type="stmt" count="0"/>
        <line num="43" type="stmt" count="0"/>
        <line num="44" type="stmt" count="0"/>
        <line num="45" type="stmt" count="0"/>
        <line num="46" type="stmt" count="0"/>
        <line num="47" type="stmt" count="0"/>
        <line num="48" type="stmt" count="0"/>
        <line num="49" type="stmt" count="0"/>
        <line num="56" type="method" name="createMedia" visibility="public" complexity="3" crap="12" count="0"/>
        <line num="58" type="stmt" count="0"/>
        <line num="60" type="stmt" count="0"/>
        <line num="61" type="stmt" count="0"/>
        <line num="62" type="stmt" count="0"/>
        <line num="64" type="stmt" count="0"/>
        <line num="65" type="stmt" count="0"/>
        <line num="66" type="stmt" count="0"/>
        <line num="67" type="stmt" count="0"/>
        <line num="69" type="stmt" count="0"/>
        <line num="71" type="stmt" count="0"/>
        <line num="72" type="stmt" count="0"/>
        <line num="79" type="method" name="updateMedia" visibility="public" complexity="3" crap="12" count="0"/>
        <line num="80" type="stmt" count="0"/>
        <line num="82" type="stmt" count="0"/>
        <line num="84" type="stmt" count="0"/>
        <line num="85" type="stmt" count="0"/>
        <line num="86" type="stmt" count="0"/>
        <line num="89" type="stmt" count="0"/>
        <line num="90" type="stmt" count="0"/>
        <line num="91" type="stmt" count="0"/>
        <line num="92" type="stmt" count="0"/>
        <line num="94" type="stmt" count="0"/>
        <line num="95" type="stmt" count="0"/>
        <line num="96" type="stmt" count="0"/>
        <line num="98" type="stmt" count="0"/>
        <line num="100" type="stmt" count="0"/>
        <line num="101" type="stmt" count="0"/>
        <line num="108" type="method" name="deleteMedia" visibility="public" complexity="5" crap="30" count="0"/>
        <line num="109" type="stmt" count="0"/>
        <line num="111" type="stmt" count="0"/>
        <line num="112" type="stmt" count="0"/>
        <line num="113" type="stmt" count="0"/>
        <line num="114" type="stmt" count="0"/>
        <line num="118" type="stmt" count="0"/>
        <line num="120" type="stmt" count="0"/>
        <line num="121" type="stmt" count="0"/>
        <line num="122" type="stmt" count="0"/>
        <line num="124" type="stmt" count="0"/>
        <line num="126" type="stmt" count="0"/>
        <line num="127" type="stmt" count="0"/>
        <line num="128" type="stmt" count="0"/>
        <line num="130" type="stmt" count="0"/>
        <line num="131" type="stmt" count="0"/>
        <line num="132" type="stmt" count="0"/>
        <line num="137" type="method" name="findAllMedia" visibility="public" complexity="1" crap="2" count="0"/>
        <line num="138" type="stmt" count="0"/>
        <line num="139" type="stmt" count="0"/>
        <line num="140" type="stmt" count="0"/>
        <line num="142" type="method" name="findMedia" visibility="public" complexity="2" crap="6" count="0"/>
        <line num="143" type="stmt" count="0"/>
        <line num="145" type="stmt" count="0"/>
        <line num="146" type="stmt" count="0"/>
        <line num="147" type="stmt" count="0"/>
        <line num="157" type="method" name="findBy" visibility="public" complexity="1" crap="2" count="0"/>
        <line num="158" type="stmt" count="0"/>
        <line num="159" type="stmt" count="0"/>
        <line num="160" type="stmt" count="0"/>
        <metrics loc="161" ncloc="109" classes="1" methods="7" coveredmethods="0" conditionals="0" coveredconditionals="0" statements="60" coveredstatements="0" elements="67" coveredelements="0"/>
      </file>
      <file name="/home/wsferreira/projetos/control-media/control-media-backend/src/Domain/Service/PersonService.php">
        <class name="App\Domain\Service\PersonService" namespace="App\Domain\Service">
          <metrics complexity="11" methods="6" coveredmethods="0" conditionals="0" coveredconditionals="0" statements="34" coveredstatements="0" elements="40" coveredelements="0"/>
        </class>
        <line num="18" type="method" name="__construct" visibility="public" complexity="1" crap="2" count="0"/>
        <line num="19" type="stmt" count="0"/>
        <line num="20" type="stmt" count="0"/>
        <line num="21" type="stmt" count="0"/>
        <line num="28" type="method" name="createPerson" visibility="public" complexity="2" crap="6" count="0"/>
        <line num="29" type="stmt" count="0"/>
        <line num="30" type="stmt" count="0"/>
        <line num="31" type="stmt" count="0"/>
        <line num="32" type="stmt" count="0"/>
        <line num="34" type="stmt" count="0"/>
        <line num="36" type="stmt" count="0"/>
        <line num="37" type="stmt" count="0"/>
        <line num="44" type="method" name="updatePerson" visibility="public" complexity="3" crap="12" count="0"/>
        <line num="45" type="stmt" count="0"/>
        <line num="47" type="stmt" count="0"/>
        <line num="49" type="stmt" count="0"/>
        <line num="50" type="stmt" count="0"/>
        <line num="51" type="stmt" count="0"/>
        <line num="53" type="stmt" count="0"/>
        <line num="54" type="stmt" count="0"/>
        <line num="56" type="stmt" count="0"/>
        <line num="58" type="stmt" count="0"/>
        <line num="59" type="stmt" count="0"/>
        <line num="67" type="method" name="deletePerson" visibility="public" complexity="2" crap="6" count="0"/>
        <line num="68" type="stmt" count="0"/>
        <line num="70" type="stmt" count="0"/>
        <line num="71" type="stmt" count="0"/>
        <line num="72" type="stmt" count="0"/>
        <line num="74" type="stmt" count="0"/>
        <line num="75" type="stmt" count="0"/>
        <line num="76" type="stmt" count="0"/>
        <line num="81" type="method" name="findAllPerson" visibility="public" complexity="1" crap="2" count="0"/>
        <line num="82" type="stmt" count="0"/>
        <line num="83" type="stmt" count="0"/>
        <line num="84" type="stmt" count="0"/>
        <line num="86" type="method" name="findPerson" visibility="public" complexity="2" crap="6" count="0"/>
        <line num="87" type="stmt" count="0"/>
        <line num="89" type="stmt" count="0"/>
        <line num="90" type="stmt" count="0"/>
        <line num="91" type="stmt" count="0"/>
        <metrics loc="92" ncloc="69" classes="1" methods="6" coveredmethods="0" conditionals="0" coveredconditionals="0" statements="34" coveredstatements="0" elements="40" coveredelements="0"/>
      </file>
    </package>
    <package name="App\Domain\ValueObject">
      <file name="/home/wsferreira/projetos/control-media/control-media-backend/src/Domain/ValueObject/InfoLoanVO.php">
        <class name="App\Domain\ValueObject\InfoLoanVO" namespace="App\Domain\ValueObject">
          <metrics complexity="0" methods="0" coveredmethods="0" conditionals="0" coveredconditionals="0" statements="0" coveredstatements="0" elements="0" coveredelements="0"/>
        </class>
        <metrics loc="10" ncloc="10" classes="0" methods="0" coveredmethods="0" conditionals="0" coveredconditionals="0" statements="0" coveredstatements="0" elements="0" coveredelements="0"/>
      </file>
      <file name="/home/wsferreira/projetos/control-media/control-media-backend/src/Domain/ValueObject/MediaPaginatorVO.php">
        <class name="App\Domain\ValueObject\MediaPaginatorVO" namespace="App\Domain\ValueObject">
          <metrics complexity="0" methods="0" coveredmethods="0" conditionals="0" coveredconditionals="0" statements="0" coveredstatements="0" elements="0" coveredelements="0"/>
        </class>
        <metrics loc="33" ncloc="18" classes="0" methods="0" coveredmethods="0" conditionals="0" coveredconditionals="0" statements="0" coveredstatements="0" elements="0" coveredelements="0"/>
      </file>
      <file name="/home/wsferreira/projetos/control-media/control-media-backend/src/Domain/ValueObject/MediaPersonLoanVO.php">
        <class name="App\Domain\ValueObject\MediaPersonLoanVO" namespace="App\Domain\ValueObject">
          <metrics complexity="0" methods="0" coveredmethods="0" conditionals="0" coveredconditionals="0" statements="0" coveredstatements="0" elements="0" coveredelements="0"/>
        </class>
        <metrics loc="10" ncloc="10" classes="0" methods="0" coveredmethods="0" conditionals="0" coveredconditionals="0" statements="0" coveredstatements="0" elements="0" coveredelements="0"/>
      </file>
      <file name="/home/wsferreira/projetos/control-media/control-media-backend/src/Domain/ValueObject/MediaVO.php">
        <class name="App\Domain\ValueObject\MediaVO" namespace="App\Domain\ValueObject">
          <metrics complexity="0" methods="0" coveredmethods="0" conditionals="0" coveredconditionals="0" statements="0" coveredstatements="0" elements="0" coveredelements="0"/>
        </class>
        <metrics loc="11" ncloc="11" classes="0" methods="0" coveredmethods="0" conditionals="0" coveredconditionals="0" statements="0" coveredstatements="0" elements="0" coveredelements="0"/>
      </file>
      <file name="/home/wsferreira/projetos/control-media/control-media-backend/src/Domain/ValueObject/PersonVO.php">
        <class name="App\Domain\ValueObject\PersonVO" namespace="App\Domain\ValueObject">
          <metrics complexity="0" methods="0" coveredmethods="0" conditionals="0" coveredconditionals="0" statements="0" coveredstatements="0" elements="0" coveredelements="0"/>
        </class>
        <metrics loc="10" ncloc="10" classes="0" methods="0" coveredmethods="0" conditionals="0" coveredconditionals="0" statements="0" coveredstatements="0" elements="0" coveredelements="0"/>
      </file>
    </package>
    <package name="App\Infrasstructure\DoctrineMigrations">
      <file name="/home/wsferreira/projetos/control-media/control-media-backend/src/Infrastructure/DoctrineMigrations/Version20190803130415.php">
        <class name="App\Infrasstructure\DoctrineMigrations\Version20190803130415" namespace="App\Infrasstructure\DoctrineMigrations">
          <metrics complexity="3" methods="3" coveredmethods="0" conditionals="0" coveredconditionals="0" statements="7" coveredstatements="0" elements="10" coveredelements="0"/>
        </class>
        <line num="15" type="method" name="getDescription" visibility="public" complexity="1" crap="2" count="0"/>
        <line num="16" type="stmt" count="0"/>
        <line num="17" type="stmt" count="0"/>
        <line num="18" type="stmt" count="0"/>
        <line num="20" type="method" name="up" visibility="public" complexity="1" crap="2" count="0"/>
        <line num="21" type="stmt" count="0"/>
        <line num="23" type="stmt" count="0"/>
        <line num="25" type="method" name="down" visibility="public" complexity="1" crap="2" count="0"/>
        <line num="26" type="stmt" count="0"/>
        <line num="28" type="stmt" count="0"/>
        <metrics loc="29" ncloc="24" classes="1" methods="3" coveredmethods="0" conditionals="0" coveredconditionals="0" statements="7" coveredstatements="0" elements="10" coveredelements="0"/>
      </file>
    </package>
    <package name="App\Infrastructure\DoctrineMigrations">
      <file name="/home/wsferreira/projetos/control-media/control-media-backend/src/Infrastructure/DoctrineMigrations/Version20190803132406.php">
        <class name="App\Infrastructure\DoctrineMigrations\Version20190803132406" namespace="App\Infrastructure\DoctrineMigrations">
          <metrics complexity="3" methods="3" coveredmethods="0" conditionals="0" coveredconditionals="0" statements="10" coveredstatements="0" elements="13" coveredelements="0"/>
        </class>
        <line num="15" type="method" name="getDescription" visibility="public" complexity="1" crap="2" count="0"/>
        <line num="16" type="stmt" count="0"/>
        <line num="17" type="stmt" count="0"/>
        <line num="18" type="stmt" count="0"/>
        <line num="20" type="method" name="up" visibility="public" complexity="1" crap="2" count="0"/>
        <line num="21" type="stmt" count="0"/>
        <line num="22" type="stmt" count="0"/>
        <line num="23" type="stmt" count="0"/>
        <line num="24" type="stmt" count="0"/>
        <line num="25" type="stmt" count="0"/>
        <line num="27" type="method" name="down" visibility="public" complexity="1" crap="2" count="0"/>
        <line num="28" type="stmt" count="0"/>
        <line num="30" type="stmt" count="0"/>
        <metrics loc="31" ncloc="26" classes="1" methods="3" coveredmethods="0" conditionals="0" coveredconditionals="0" statements="10" coveredstatements="0" elements="13" coveredelements="0"/>
      </file>
    </package>
    <package name="App\Infrastructure\Repository">
      <file name="/home/wsferreira/projetos/control-media/control-media-backend/src/Infrastructure/Repository/MediaPersonLoanRepository.php">
        <class name="App\Infrastructure\Repository\MediaPersonLoanRepository" namespace="App\Infrastructure\Repository">
          <metrics complexity="8" methods="6" coveredmethods="0" conditionals="0" coveredconditionals="0" statements="45" coveredstatements="0" elements="51" coveredelements="0"/>
        </class>
        <line num="21" type="method" name="__construct" visibility="public" complexity="1" crap="2" count="0"/>
        <line num="22" type="stmt" count="0"/>
        <line num="23" type="stmt" count="0"/>
        <line num="24" type="stmt" count="0"/>
        <line num="26" type="method" name="findAll" visibility="public" complexity="1" crap="2" count="0"/>
        <line num="27" type="stmt" count="0"/>
        <line num="28" type="stmt" count="0"/>
        <line num="30" type="method" name="getLastestMediaData" visibility="public" complexity="2" crap="6" count="0"/>
        <line num="31" type="stmt" count="0"/>
        <line num="32" type="stmt" count="0"/>
        <line num="34" type="stmt" count="0"/>
        <line num="35" type="stmt" count="0"/>
        <line num="36" type="stmt" count="0"/>
        <line num="37" type="stmt" count="0"/>
        <line num="38" type="stmt" count="0"/>
        <line num="39" type="stmt" count="0"/>
        <line num="42" type="stmt" count="0"/>
        <line num="43" type="stmt" count="0"/>
        <line num="44" type="stmt" count="0"/>
        <line num="45" type="stmt" count="0"/>
        <line num="47" type="stmt" count="0"/>
        <line num="48" type="stmt" count="0"/>
        <line num="50" type="method" name="persist" visibility="public" complexity="1" crap="2" count="0"/>
        <line num="51" type="stmt" count="0"/>
        <line num="52" type="stmt" count="0"/>
        <line num="53" type="stmt" count="0"/>
        <line num="55" type="stmt" count="0"/>
        <line num="56" type="stmt" count="0"/>
        <line num="58" type="method" name="findByPersonAndMedia" visibility="public" complexity="2" crap="6" count="0"/>
        <line num="59" type="stmt" count="0"/>
        <line num="61" type="stmt" count="0"/>
        <line num="63" type="stmt" count="0"/>
        <line num="64" type="stmt" count="0"/>
        <line num="65" type="stmt" count="0"/>
        <line num="66" type="stmt" count="0"/>
        <line num="67" type="stmt" count="0"/>
        <line num="68" type="stmt" count="0"/>
        <line num="71" type="stmt" count="0"/>
        <line num="72" type="stmt" count="0"/>
        <line num="73" type="stmt" count="0"/>
        <line num="74" type="stmt" count="0"/>
        <line num="76" type="stmt" count="0"/>
        <line num="77" type="stmt" count="0"/>
        <line num="83" type="method" name="findBy" visibility="public" complexity="1" crap="2" count="0"/>
        <line num="84" type="stmt" count="0"/>
        <line num="86" type="stmt" count="0"/>
        <line num="87" type="stmt" count="0"/>
        <line num="88" type="stmt" count="0"/>
        <line num="89" type="stmt" count="0"/>
        <line num="91" type="stmt" count="0"/>
        <line num="92" type="stmt" count="0"/>
        <metrics loc="93" ncloc="77" classes="1" methods="6" coveredmethods="0" conditionals="0" coveredconditionals="0" statements="45" coveredstatements="0" elements="51" coveredelements="0"/>
      </file>
      <file name="/home/wsferreira/projetos/control-media/control-media-backend/src/Infrastructure/Repository/MediaRepository.php">
        <class name="App\Infrastructure\Repository\MediaRepository" namespace="App\Infrastructure\Repository">
          <metrics complexity="10" methods="6" coveredmethods="0" conditionals="0" coveredconditionals="0" statements="57" coveredstatements="0" elements="63" coveredelements="0"/>
        </class>
        <line num="23" type="method" name="__construct" visibility="public" complexity="1" crap="2" count="0"/>
        <line num="24" type="stmt" count="0"/>
        <line num="25" type="stmt" count="0"/>
        <line num="26" type="stmt" count="0"/>
        <line num="36" type="method" name="findAllMediaWithPagination" visibility="public" complexity="4" crap="20" count="0"/>
        <line num="37" type="stmt" count="0"/>
        <line num="38" type="stmt" count="0"/>
        <line num="39" type="stmt" count="0"/>
        <line num="40" type="stmt" count="0"/>
        <line num="41" type="stmt" count="0"/>
        <line num="43" type="stmt" count="0"/>
        <line num="44" type="stmt" count="0"/>
        <line num="45" type="stmt" count="0"/>
        <line num="46" type="stmt" count="0"/>
        <line num="48" type="stmt" count="0"/>
        <line num="49" type="stmt" count="0"/>
        <line num="50" type="stmt" count="0"/>
        <line num="52" type="stmt" count="0"/>
        <line num="54" type="stmt" count="0"/>
        <line num="55" type="stmt" count="0"/>
        <line num="56" type="stmt" count="0"/>
        <line num="57" type="stmt" count="0"/>
        <line num="58" type="stmt" count="0"/>
        <line num="59" type="stmt" count="0"/>
        <line num="60" type="stmt" count="0"/>
        <line num="61" type="stmt" count="0"/>
        <line num="64" type="stmt" count="0"/>
        <line num="66" type="stmt" count="0"/>
        <line num="67" type="stmt" count="0"/>
        <line num="68" type="stmt" count="0"/>
        <line num="69" type="stmt" count="0"/>
        <line num="70" type="stmt" count="0"/>
        <line num="71" type="stmt" count="0"/>
        <line num="72" type="stmt" count="0"/>
        <line num="74" type="stmt" count="0"/>
        <line num="75" type="stmt" count="0"/>
        <line num="77" type="stmt" count="0"/>
        <line num="78" type="stmt" count="0"/>
        <line num="79" type="stmt" count="0"/>
        <line num="80" type="stmt" count="0"/>
        <line num="82" type="stmt" count="0"/>
        <line num="83" type="stmt" count="0"/>
        <line num="88" type="method" name="findAll" visibility="public" complexity="1" crap="2" count="0"/>
        <line num="89" type="stmt" count="0"/>
        <line num="90" type="stmt" count="0"/>
        <line num="91" type="stmt" count="0"/>
        <line num="93" type="method" name="find" visibility="public" complexity="2" crap="6" count="0"/>
        <line num="94" type="stmt" count="0"/>
        <line num="96" type="stmt" count="0"/>
        <line num="97" type="stmt" count="0"/>
        <line num="98" type="stmt" count="0"/>
        <line num="100" type="method" name="remove" visibility="public" complexity="1" crap="2" count="0"/>
        <line num="101" type="stmt" count="0"/>
        <line num="102" type="stmt" count="0"/>
        <line num="103" type="stmt" count="0"/>
        <line num="105" type="stmt" count="0"/>
        <line num="106" type="stmt" count="0"/>
        <line num="108" type="method" name="persist" visibility="public" complexity="1" crap="2" count="0"/>
        <line num="109" type="stmt" count="0"/>
        <line num="110" type="stmt" count="0"/>
        <line num="111" type="stmt" count="0"/>
        <line num="113" type="stmt" count="0"/>
        <line num="114" type="stmt" count="0"/>
        <metrics loc="114" ncloc="94" classes="1" methods="6" coveredmethods="0" conditionals="0" coveredconditionals="0" statements="57" coveredstatements="0" elements="63" coveredelements="0"/>
      </file>
      <file name="/home/wsferreira/projetos/control-media/control-media-backend/src/Infrastructure/Repository/MediaTypeRepository.php">
        <class name="App\Infrastructure\Repository\MediaTypeRepository" namespace="App\Infrastructure\Repository">
          <metrics complexity="3" methods="2" coveredmethods="0" conditionals="0" coveredconditionals="0" statements="7" coveredstatements="0" elements="9" coveredelements="0"/>
        </class>
        <line num="20" type="method" name="__construct" visibility="public" complexity="1" crap="2" count="0"/>
        <line num="21" type="stmt" count="0"/>
        <line num="22" type="stmt" count="0"/>
        <line num="23" type="stmt" count="0"/>
        <line num="25" type="method" name="find" visibility="public" complexity="2" crap="6" count="0"/>
        <line num="26" type="stmt" count="0"/>
        <line num="28" type="stmt" count="0"/>
        <line num="29" type="stmt" count="0"/>
        <line num="30" type="stmt" count="0"/>
        <metrics loc="30" ncloc="22" classes="1" methods="2" coveredmethods="0" conditionals="0" coveredconditionals="0" statements="7" coveredstatements="0" elements="9" coveredelements="0"/>
      </file>
      <file name="/home/wsferreira/projetos/control-media/control-media-backend/src/Infrastructure/Repository/PersonRepository.php">
        <class name="App\Infrastructure\Repository\PersonRepository" namespace="App\Infrastructure\Repository">
          <metrics complexity="6" methods="5" coveredmethods="0" conditionals="0" coveredconditionals="0" statements="20" coveredstatements="0" elements="25" coveredelements="0"/>
        </class>
        <line num="20" type="method" name="__construct" visibility="public" complexity="1" crap="2" count="0"/>
        <line num="21" type="stmt" count="0"/>
        <line num="22" type="stmt" count="0"/>
        <line num="23" type="stmt" count="0"/>
        <line num="25" type="method" name="findAll" visibility="public" complexity="1" crap="2" count="0"/>
        <line num="26" type="stmt" count="0"/>
        <line num="27" type="stmt" count="0"/>
        <line num="28" type="stmt" count="0"/>
        <line num="30" type="method" name="find" visibility="public" complexity="2" crap="6" count="0"/>
        <line num="31" type="stmt" count="0"/>
        <line num="33" type="stmt" count="0"/>
        <line num="34" type="stmt" count="0"/>
        <line num="35" type="stmt" count="0"/>
        <line num="37" type="method" name="remove" visibility="public" complexity="1" crap="2" count="0"/>
        <line num="38" type="stmt" count="0"/>
        <line num="39" type="stmt" count="0"/>
        <line num="40" type="stmt" count="0"/>
        <line num="42" type="stmt" count="0"/>
        <line num="43" type="stmt" count="0"/>
        <line num="45" type="method" name="persist" visibility="public" complexity="1" crap="2" count="0"/>
        <line num="46" type="stmt" count="0"/>
        <line num="47" type="stmt" count="0"/>
        <line num="48" type="stmt" count="0"/>
        <line num="50" type="stmt" count="0"/>
        <line num="51" type="stmt" count="0"/>
        <metrics loc="51" ncloc="43" classes="1" methods="5" coveredmethods="0" conditionals="0" coveredconditionals="0" statements="20" coveredstatements="0" elements="25" coveredelements="0"/>
      </file>
    </package>
    <package name="App\Presentation\Factory\Media">
      <file name="/home/wsferreira/projetos/control-media/control-media-backend/src/Presentation/Factory/Media/CreateMediaFactoryHandler.php">
        <class name="App\Presentation\Factory\Media\CreateMediaFactoryHandler" namespace="App\Presentation\Factory\Media">
          <metrics complexity="1" methods="1" coveredmethods="0" conditionals="0" coveredconditionals="0" statements="4" coveredstatements="0" elements="5" coveredelements="0"/>
        </class>
        <line num="18" type="method" name="__invoke" visibility="public" complexity="1" crap="2" count="0"/>
        <line num="19" type="stmt" count="0"/>
        <line num="20" type="stmt" count="0"/>
        <line num="21" type="stmt" count="0"/>
        <line num="22" type="stmt" count="0"/>
        <metrics loc="23" ncloc="18" classes="1" methods="1" coveredmethods="0" conditionals="0" coveredconditionals="0" statements="4" coveredstatements="0" elements="5" coveredelements="0"/>
      </file>
      <file name="/home/wsferreira/projetos/control-media/control-media-backend/src/Presentation/Factory/Media/DeleteMediaFactoryHandler.php">
        <class name="App\Presentation\Factory\Media\DeleteMediaFactoryHandler" namespace="App\Presentation\Factory\Media">
          <metrics complexity="1" methods="1" coveredmethods="0" conditionals="0" coveredconditionals="0" statements="4" coveredstatements="0" elements="5" coveredelements="0"/>
        </class>
        <line num="17" type="method" name="__invoke" visibility="public" complexity="1" crap="2" count="0"/>
        <line num="18" type="stmt" count="0"/>
        <line num="19" type="stmt" count="0"/>
        <line num="20" type="stmt" count="0"/>
        <line num="21" type="stmt" count="0"/>
        <metrics loc="22" ncloc="17" classes="1" methods="1" coveredmethods="0" conditionals="0" coveredconditionals="0" statements="4" coveredstatements="0" elements="5" coveredelements="0"/>
      </file>
      <file name="/home/wsferreira/projetos/control-media/control-media-backend/src/Presentation/Factory/Media/FindAllMediaFactoryHandler.php">
        <class name="App\Presentation\Factory\Media\FindAllMediaFactoryHandler" namespace="App\Presentation\Factory\Media">
          <metrics complexity="1" methods="1" coveredmethods="0" conditionals="0" coveredconditionals="0" statements="4" coveredstatements="0" elements="5" coveredelements="0"/>
        </class>
        <line num="18" type="method" name="__invoke" visibility="public" complexity="1" crap="2" count="0"/>
        <line num="19" type="stmt" count="0"/>
        <line num="20" type="stmt" count="0"/>
        <line num="22" type="stmt" count="0"/>
        <line num="23" type="stmt" count="0"/>
        <metrics loc="24" ncloc="19" classes="1" methods="1" coveredmethods="0" conditionals="0" coveredconditionals="0" statements="4" coveredstatements="0" elements="5" coveredelements="0"/>
      </file>
      <file name="/home/wsferreira/projetos/control-media/control-media-backend/src/Presentation/Factory/Media/FindByMediaFactoryHandler.php">
        <class name="App\Presentation\Factory\Media\FindByMediaFactoryHandler" namespace="App\Presentation\Factory\Media">
          <metrics complexity="1" methods="1" coveredmethods="0" conditionals="0" coveredconditionals="0" statements="4" coveredstatements="0" elements="5" coveredelements="0"/>
        </class>
        <line num="18" type="method" name="__invoke" visibility="public" complexity="1" crap="2" count="0"/>
        <line num="19" type="stmt" count="0"/>
        <line num="20" type="stmt" count="0"/>
        <line num="21" type="stmt" count="0"/>
        <line num="22" type="stmt" count="0"/>
        <metrics loc="23" ncloc="18" classes="1" methods="1" coveredmethods="0" conditionals="0" coveredconditionals="0" statements="4" coveredstatements="0" elements="5" coveredelements="0"/>
      </file>
      <file name="/home/wsferreira/projetos/control-media/control-media-backend/src/Presentation/Factory/Media/FindMediaFactoryHandler.php">
        <class name="App\Presentation\Factory\Media\FindMediaFactoryHandler" namespace="App\Presentation\Factory\Media">
          <metrics complexity="1" methods="1" coveredmethods="0" conditionals="0" coveredconditionals="0" statements="4" coveredstatements="0" elements="5" coveredelements="0"/>
        </class>
        <line num="17" type="method" name="__invoke" visibility="public" complexity="1" crap="2" count="0"/>
        <line num="18" type="stmt" count="0"/>
        <line num="19" type="stmt" count="0"/>
        <line num="20" type="stmt" count="0"/>
        <line num="21" type="stmt" count="0"/>
        <metrics loc="22" ncloc="17" classes="1" methods="1" coveredmethods="0" conditionals="0" coveredconditionals="0" statements="4" coveredstatements="0" elements="5" coveredelements="0"/>
      </file>
      <file name="/home/wsferreira/projetos/control-media/control-media-backend/src/Presentation/Factory/Media/MediaApplicationFactoryService.php">
        <class name="App\Presentation\Factory\Media\MediaApplicationFactoryService" namespace="App\Presentation\Factory\Media">
          <metrics complexity="1" methods="1" coveredmethods="0" conditionals="0" coveredconditionals="0" statements="5" coveredstatements="0" elements="6" coveredelements="0"/>
        </class>
        <line num="17" type="method" name="__invoke" visibility="public" complexity="1" crap="2" count="0"/>
        <line num="18" type="stmt" count="0"/>
        <line num="19" type="stmt" count="0"/>
        <line num="20" type="stmt" count="0"/>
        <line num="21" type="stmt" count="0"/>
        <line num="22" type="stmt" count="0"/>
        <metrics loc="23" ncloc="17" classes="1" methods="1" coveredmethods="0" conditionals="0" coveredconditionals="0" statements="5" coveredstatements="0" elements="6" coveredelements="0"/>
      </file>
      <file name="/home/wsferreira/projetos/control-media/control-media-backend/src/Presentation/Factory/Media/MediaFactoryRepository.php">
        <class name="App\Presentation\Factory\Media\MediaFactoryRepository" namespace="App\Presentation\Factory\Media">
          <metrics complexity="1" methods="1" coveredmethods="0" conditionals="0" coveredconditionals="0" statements="4" coveredstatements="0" elements="5" coveredelements="0"/>
        </class>
        <line num="23" type="method" name="__invoke" visibility="public" complexity="1" crap="2" count="0"/>
        <line num="24" type="stmt" count="0"/>
        <line num="26" type="stmt" count="0"/>
        <line num="27" type="stmt" count="0"/>
        <line num="28" type="stmt" count="0"/>
        <metrics loc="29" ncloc="17" classes="1" methods="1" coveredmethods="0" conditionals="0" coveredconditionals="0" statements="4" coveredstatements="0" elements="5" coveredelements="0"/>
      </file>
      <file name="/home/wsferreira/projetos/control-media/control-media-backend/src/Presentation/Factory/Media/MediaFactoryService.php">
        <class name="App\Presentation\Factory\Media\MediaFactoryService" namespace="App\Presentation\Factory\Media">
          <metrics complexity="1" methods="1" coveredmethods="0" conditionals="0" coveredconditionals="0" statements="6" coveredstatements="0" elements="7" coveredelements="0"/>
        </class>
        <line num="27" type="method" name="__invoke" visibility="public" complexity="1" crap="2" count="0"/>
        <line num="28" type="stmt" count="0"/>
        <line num="31" type="stmt" count="0"/>
        <line num="34" type="stmt" count="0"/>
        <line num="37" type="stmt" count="0"/>
        <line num="39" type="stmt" count="0"/>
        <line num="40" type="stmt" count="0"/>
        <metrics loc="41" ncloc="25" classes="1" methods="1" coveredmethods="0" conditionals="0" coveredconditionals="0" statements="6" coveredstatements="0" elements="7" coveredelements="0"/>
      </file>
      <file name="/home/wsferreira/projetos/control-media/control-media-backend/src/Presentation/Factory/Media/MediaTypeFactoryRepository.php">
        <class name="App\Presentation\Factory\Media\MediaTypeFactoryRepository" namespace="App\Presentation\Factory\Media">
          <metrics complexity="1" methods="1" coveredmethods="0" conditionals="0" coveredconditionals="0" statements="4" coveredstatements="0" elements="5" coveredelements="0"/>
        </class>
        <line num="24" type="method" name="__invoke" visibility="public" complexity="1" crap="2" count="0"/>
        <line num="25" type="stmt" count="0"/>
        <line num="26" type="stmt" count="0"/>
        <line num="27" type="stmt" count="0"/>
        <line num="28" type="stmt" count="0"/>
        <metrics loc="29" ncloc="18" classes="1" methods="1" coveredmethods="0" conditionals="0" coveredconditionals="0" statements="4" coveredstatements="0" elements="5" coveredelements="0"/>
      </file>
      <file name="/home/wsferreira/projetos/control-media/control-media-backend/src/Presentation/Factory/Media/UpdateMediaFactoryHandler.php">
        <class name="App\Presentation\Factory\Media\UpdateMediaFactoryHandler" namespace="App\Presentation\Factory\Media">
          <metrics complexity="1" methods="1" coveredmethods="0" conditionals="0" coveredconditionals="0" statements="4" coveredstatements="0" elements="5" coveredelements="0"/>
        </class>
        <line num="18" type="method" name="__invoke" visibility="public" complexity="1" crap="2" count="0"/>
        <line num="19" type="stmt" count="0"/>
        <line num="21" type="stmt" count="0"/>
        <line num="22" type="stmt" count="0"/>
        <line num="23" type="stmt" count="0"/>
        <metrics loc="24" ncloc="18" classes="1" methods="1" coveredmethods="0" conditionals="0" coveredconditionals="0" statements="4" coveredstatements="0" elements="5" coveredelements="0"/>
      </file>
    </package>
    <package name="App\Presentation\Factory\MediaPersonLoan">
      <file name="/home/wsferreira/projetos/control-media/control-media-backend/src/Presentation/Factory/MediaPersonLoan/CreateMediaPersonLoanFactoryHandler.php">
        <class name="App\Presentation\Factory\MediaPersonLoan\CreateMediaPersonLoanFactoryHandler" namespace="App\Presentation\Factory\MediaPersonLoan">
          <metrics complexity="1" methods="1" coveredmethods="0" conditionals="0" coveredconditionals="0" statements="4" coveredstatements="0" elements="5" coveredelements="0"/>
        </class>
        <line num="17" type="method" name="__invoke" visibility="public" complexity="1" crap="2" count="0"/>
        <line num="18" type="stmt" count="0"/>
        <line num="19" type="stmt" count="0"/>
        <line num="20" type="stmt" count="0"/>
        <line num="21" type="stmt" count="0"/>
        <metrics loc="22" ncloc="17" classes="1" methods="1" coveredmethods="0" conditionals="0" coveredconditionals="0" statements="4" coveredstatements="0" elements="5" coveredelements="0"/>
      </file>
      <file name="/home/wsferreira/projetos/control-media/control-media-backend/src/Presentation/Factory/MediaPersonLoan/MediaPersonLoanApplicationFactoryService.php">
        <class name="App\Presentation\Factory\MediaPersonLoan\MediaPersonLoanApplicationFactoryService" namespace="App\Presentation\Factory\MediaPersonLoan">
          <metrics complexity="1" methods="1" coveredmethods="0" conditionals="0" coveredconditionals="0" statements="4" coveredstatements="0" elements="5" coveredelements="0"/>
        </class>
        <line num="18" type="method" name="__invoke" visibility="public" complexity="1" crap="2" count="0"/>
        <line num="19" type="stmt" count="0"/>
        <line num="20" type="stmt" count="0"/>
        <line num="21" type="stmt" count="0"/>
        <line num="22" type="stmt" count="0"/>
        <metrics loc="23" ncloc="18" classes="1" methods="1" coveredmethods="0" conditionals="0" coveredconditionals="0" statements="4" coveredstatements="0" elements="5" coveredelements="0"/>
      </file>
      <file name="/home/wsferreira/projetos/control-media/control-media-backend/src/Presentation/Factory/MediaPersonLoan/MediaPersonLoanFactoryRepository.php">
        <class name="App\Presentation\Factory\MediaPersonLoan\MediaPersonLoanFactoryRepository" namespace="App\Presentation\Factory\MediaPersonLoan">
          <metrics complexity="1" methods="1" coveredmethods="0" conditionals="0" coveredconditionals="0" statements="4" coveredstatements="0" elements="5" coveredelements="0"/>
        </class>
        <line num="18" type="method" name="__invoke" visibility="public" complexity="1" crap="2" count="0"/>
        <line num="19" type="stmt" count="0"/>
        <line num="20" type="stmt" count="0"/>
        <line num="21" type="stmt" count="0"/>
        <line num="22" type="stmt" count="0"/>
        <metrics loc="23" ncloc="17" classes="1" methods="1" coveredmethods="0" conditionals="0" coveredconditionals="0" statements="4" coveredstatements="0" elements="5" coveredelements="0"/>
      </file>
      <file name="/home/wsferreira/projetos/control-media/control-media-backend/src/Presentation/Factory/MediaPersonLoan/MediaPersonLoanFactoryService.php">
        <class name="App\Presentation\Factory\MediaPersonLoan\MediaPersonLoanFactoryService" namespace="App\Presentation\Factory\MediaPersonLoan">
          <metrics complexity="1" methods="1" coveredmethods="0" conditionals="0" coveredconditionals="0" statements="6" coveredstatements="0" elements="7" coveredelements="0"/>
        </class>
        <line num="25" type="method" name="__invoke" visibility="public" complexity="1" crap="2" count="0"/>
        <line num="26" type="stmt" count="0"/>
        <line num="28" type="stmt" count="0"/>
        <line num="30" type="stmt" count="0"/>
        <line num="32" type="stmt" count="0"/>
        <line num="33" type="stmt" count="0"/>
        <line num="34" type="stmt" count="0"/>
        <metrics loc="35" ncloc="21" classes="1" methods="1" coveredmethods="0" conditionals="0" coveredconditionals="0" statements="6" coveredstatements="0" elements="7" coveredelements="0"/>
      </file>
      <file name="/home/wsferreira/projetos/control-media/control-media-backend/src/Presentation/Factory/MediaPersonLoan/ReturnDataPersonPickedUpBookFactoryHandler.php">
        <class name="App\Presentation\Factory\MediaPersonLoan\ReturnDataPersonPickedUpBookFactoryHandler" namespace="App\Presentation\Factory\MediaPersonLoan">
          <metrics complexity="1" methods="1" coveredmethods="0" conditionals="0" coveredconditionals="0" statements="4" coveredstatements="0" elements="5" coveredelements="0"/>
        </class>
        <line num="23" type="method" name="__invoke" visibility="public" complexity="1" crap="2" count="0"/>
        <line num="24" type="stmt" count="0"/>
        <line num="25" type="stmt" count="0"/>
        <line num="26" type="stmt" count="0"/>
        <line num="27" type="stmt" count="0"/>
        <metrics loc="28" ncloc="17" classes="1" methods="1" coveredmethods="0" conditionals="0" coveredconditionals="0" statements="4" coveredstatements="0" elements="5" coveredelements="0"/>
      </file>
      <file name="/home/wsferreira/projetos/control-media/control-media-backend/src/Presentation/Factory/MediaPersonLoan/ReturnMediaPersonLoanFactoryHandler.php">
        <class name="App\Presentation\Factory\MediaPersonLoan\ReturnMediaPersonLoanFactoryHandler" namespace="App\Presentation\Factory\MediaPersonLoan">
          <metrics complexity="1" methods="1" coveredmethods="0" conditionals="0" coveredconditionals="0" statements="4" coveredstatements="0" elements="5" coveredelements="0"/>
        </class>
        <line num="17" type="method" name="__invoke" visibility="public" complexity="1" crap="2" count="0"/>
        <line num="18" type="stmt" count="0"/>
        <line num="19" type="stmt" count="0"/>
        <line num="20" type="stmt" count="0"/>
        <line num="21" type="stmt" count="0"/>
        <metrics loc="22" ncloc="17" classes="1" methods="1" coveredmethods="0" conditionals="0" coveredconditionals="0" statements="4" coveredstatements="0" elements="5" coveredelements="0"/>
      </file>
    </package>
    <package name="App\Presentation\Factory\Person">
      <file name="/home/wsferreira/projetos/control-media/control-media-backend/src/Presentation/Factory/Person/CreatePersonFactoryHandler.php">
        <class name="App\Presentation\Factory\Person\CreatePersonFactoryHandler" namespace="App\Presentation\Factory\Person">
          <metrics complexity="1" methods="1" coveredmethods="0" conditionals="0" coveredconditionals="0" statements="4" coveredstatements="0" elements="5" coveredelements="0"/>
        </class>
        <line num="17" type="method" name="__invoke" visibility="public" complexity="1" crap="2" count="0"/>
        <line num="18" type="stmt" count="0"/>
        <line num="19" type="stmt" count="0"/>
        <line num="20" type="stmt" count="0"/>
        <line num="21" type="stmt" count="0"/>
        <metrics loc="22" ncloc="17" classes="1" methods="1" coveredmethods="0" conditionals="0" coveredconditionals="0" statements="4" coveredstatements="0" elements="5" coveredelements="0"/>
      </file>
      <file name="/home/wsferreira/projetos/control-media/control-media-backend/src/Presentation/Factory/Person/DeletePersonFactoryHandler.php">
        <class name="App\Presentation\Factory\Person\DeletePersonFactoryHandler" namespace="App\Presentation\Factory\Person">
          <metrics complexity="1" methods="1" coveredmethods="0" conditionals="0" coveredconditionals="0" statements="4" coveredstatements="0" elements="5" coveredelements="0"/>
        </class>
        <line num="22" type="method" name="__invoke" visibility="public" complexity="1" crap="2" count="0"/>
        <line num="23" type="stmt" count="0"/>
        <line num="24" type="stmt" count="0"/>
        <line num="25" type="stmt" count="0"/>
        <line num="26" type="stmt" count="0"/>
        <metrics loc="27" ncloc="16" classes="1" methods="1" coveredmethods="0" conditionals="0" coveredconditionals="0" statements="4" coveredstatements="0" elements="5" coveredelements="0"/>
      </file>
      <file name="/home/wsferreira/projetos/control-media/control-media-backend/src/Presentation/Factory/Person/FindAllPersonFactoryHandler.php">
        <class name="App\Presentation\Factory\Person\FindAllPersonFactoryHandler" namespace="App\Presentation\Factory\Person">
          <metrics complexity="1" methods="1" coveredmethods="0" conditionals="0" coveredconditionals="0" statements="4" coveredstatements="0" elements="5" coveredelements="0"/>
        </class>
        <line num="17" type="method" name="__invoke" visibility="public" complexity="1" crap="2" count="0"/>
        <line num="18" type="stmt" count="0"/>
        <line num="20" type="stmt" count="0"/>
        <line num="21" type="stmt" count="0"/>
        <line num="22" type="stmt" count="0"/>
        <metrics loc="23" ncloc="17" classes="1" methods="1" coveredmethods="0" conditionals="0" coveredconditionals="0" statements="4" coveredstatements="0" elements="5" coveredelements="0"/>
      </file>
      <file name="/home/wsferreira/projetos/control-media/control-media-backend/src/Presentation/Factory/Person/FindPersonFactoryHandler.php">
        <class name="App\Presentation\Factory\Person\FindPersonFactoryHandler" namespace="App\Presentation\Factory\Person">
          <metrics complexity="1" methods="1" coveredmethods="0" conditionals="0" coveredconditionals="0" statements="4" coveredstatements="0" elements="5" coveredelements="0"/>
        </class>
        <line num="18" type="method" name="__invoke" visibility="public" complexity="1" crap="2" count="0"/>
        <line num="19" type="stmt" count="0"/>
        <line num="21" type="stmt" count="0"/>
        <line num="22" type="stmt" count="0"/>
        <line num="23" type="stmt" count="0"/>
        <metrics loc="24" ncloc="18" classes="1" methods="1" coveredmethods="0" conditionals="0" coveredconditionals="0" statements="4" coveredstatements="0" elements="5" coveredelements="0"/>
      </file>
      <file name="/home/wsferreira/projetos/control-media/control-media-backend/src/Presentation/Factory/Person/PersonApplicationFactoryService.php">
        <class name="App\Presentation\Factory\Person\PersonApplicationFactoryService" namespace="App\Presentation\Factory\Person">
          <metrics complexity="1" methods="1" coveredmethods="0" conditionals="0" coveredconditionals="0" statements="5" coveredstatements="0" elements="6" coveredelements="0"/>
        </class>
        <line num="17" type="method" name="__invoke" visibility="public" complexity="1" crap="2" count="0"/>
        <line num="18" type="stmt" count="0"/>
        <line num="19" type="stmt" count="0"/>
        <line num="20" type="stmt" count="0"/>
        <line num="21" type="stmt" count="0"/>
        <line num="22" type="stmt" count="0"/>
        <metrics loc="23" ncloc="17" classes="1" methods="1" coveredmethods="0" conditionals="0" coveredconditionals="0" statements="5" coveredstatements="0" elements="6" coveredelements="0"/>
      </file>
      <file name="/home/wsferreira/projetos/control-media/control-media-backend/src/Presentation/Factory/Person/PersonFactoryRepository.php">
        <class name="App\Presentation\Factory\Person\PersonFactoryRepository" namespace="App\Presentation\Factory\Person">
          <metrics complexity="1" methods="1" coveredmethods="0" conditionals="0" coveredconditionals="0" statements="4" coveredstatements="0" elements="5" coveredelements="0"/>
        </class>
        <line num="25" type="method" name="__invoke" visibility="public" complexity="1" crap="2" count="0"/>
        <line num="26" type="stmt" count="0"/>
        <line num="28" type="stmt" count="0"/>
        <line num="30" type="stmt" count="0"/>
        <line num="31" type="stmt" count="0"/>
        <metrics loc="32" ncloc="20" classes="1" methods="1" coveredmethods="0" conditionals="0" coveredconditionals="0" statements="4" coveredstatements="0" elements="5" coveredelements="0"/>
      </file>
      <file name="/home/wsferreira/projetos/control-media/control-media-backend/src/Presentation/Factory/Person/PersonFactoryService.php">
        <class name="App\Presentation\Factory\Person\PersonFactoryService" namespace="App\Presentation\Factory\Person">
          <metrics complexity="1" methods="1" coveredmethods="0" conditionals="0" coveredconditionals="0" statements="4" coveredstatements="0" elements="5" coveredelements="0"/>
        </class>
        <line num="23" type="method" name="__invoke" visibility="public" complexity="1" crap="2" count="0"/>
        <line num="24" type="stmt" count="0"/>
        <line num="26" type="stmt" count="0"/>
        <line num="30" type="stmt" count="0"/>
        <line num="31" type="stmt" count="0"/>
        <metrics loc="32" ncloc="19" classes="1" methods="1" coveredmethods="0" conditionals="0" coveredconditionals="0" statements="4" coveredstatements="0" elements="5" coveredelements="0"/>
      </file>
      <file name="/home/wsferreira/projetos/control-media/control-media-backend/src/Presentation/Factory/Person/UpdatePersonFactoryHandler.php">
        <class name="App\Presentation\Factory\Person\UpdatePersonFactoryHandler" namespace="App\Presentation\Factory\Person">
          <metrics complexity="1" methods="1" coveredmethods="0" conditionals="0" coveredconditionals="0" statements="4" coveredstatements="0" elements="5" coveredelements="0"/>
        </class>
        <line num="22" type="method" name="__invoke" visibility="public" complexity="1" crap="2" count="0"/>
        <line num="23" type="stmt" count="0"/>
        <line num="24" type="stmt" count="0"/>
        <line num="25" type="stmt" count="0"/>
        <line num="26" type="stmt" count="0"/>
        <metrics loc="27" ncloc="16" classes="1" methods="1" coveredmethods="0" conditionals="0" coveredconditionals="0" statements="4" coveredstatements="0" elements="5" coveredelements="0"/>
      </file>
    </package>
    <package name="App\Presentation\Handler\Media">
      <file name="/home/wsferreira/projetos/control-media/control-media-backend/src/Presentation/Handler/Media/CreateMediaHandler.php">
        <class name="App\Presentation\Handler\Media\CreateMediaHandler" namespace="App\Presentation\Handler\Media">
          <metrics complexity="2" methods="2" coveredmethods="0" conditionals="0" coveredconditionals="0" statements="8" coveredstatements="0" elements="10" coveredelements="0"/>
        </class>
        <line num="27" type="method" name="__construct" visibility="public" complexity="1" crap="2" count="0"/>
        <line num="28" type="stmt" count="0"/>
        <line num="29" type="stmt" count="0"/>
        <line num="30" type="stmt" count="0"/>
        <line num="40" type="method" name="handle" visibility="public" complexity="1" crap="2" count="0"/>
        <line num="41" type="stmt" count="0"/>
        <line num="43" type="stmt" count="0"/>
        <line num="44" type="stmt" count="0"/>
        <line num="45" type="stmt" count="0"/>
        <line num="46" type="stmt" count="0"/>
        <metrics loc="47" ncloc="31" classes="1" methods="2" coveredmethods="0" conditionals="0" coveredconditionals="0" statements="8" coveredstatements="0" elements="10" coveredelements="0"/>
      </file>
      <file name="/home/wsferreira/projetos/control-media/control-media-backend/src/Presentation/Handler/Media/DeleteMediaHandler.php">
        <class name="App\Presentation\Handler\Media\DeleteMediaHandler" namespace="App\Presentation\Handler\Media">
          <metrics complexity="2" methods="2" coveredmethods="0" conditionals="0" coveredconditionals="0" statements="7" coveredstatements="0" elements="9" coveredelements="0"/>
        </class>
        <line num="23" type="method" name="__construct" visibility="public" complexity="1" crap="2" count="0"/>
        <line num="24" type="stmt" count="0"/>
        <line num="25" type="stmt" count="0"/>
        <line num="26" type="stmt" count="0"/>
        <line num="35" type="method" name="handle" visibility="public" complexity="1" crap="2" count="0"/>
        <line num="36" type="stmt" count="0"/>
        <line num="37" type="stmt" count="0"/>
        <line num="38" type="stmt" count="0"/>
        <line num="39" type="stmt" count="0"/>
        <metrics loc="40" ncloc="26" classes="1" methods="2" coveredmethods="0" conditionals="0" coveredconditionals="0" statements="7" coveredstatements="0" elements="9" coveredelements="0"/>
      </file>
      <file name="/home/wsferreira/projetos/control-media/control-media-backend/src/Presentation/Handler/Media/FindAllMediaHandler.php">
        <class name="App\Presentation\Handler\Media\FindAllMediaHandler" namespace="App\Presentation\Handler\Media">
          <metrics complexity="2" methods="2" coveredmethods="0" conditionals="0" coveredconditionals="0" statements="9" coveredstatements="0" elements="11" coveredelements="0"/>
        </class>
        <line num="25" type="method" name="__construct" visibility="public" complexity="1" crap="2" count="0"/>
        <line num="26" type="stmt" count="0"/>
        <line num="27" type="stmt" count="0"/>
        <line num="28" type="stmt" count="0"/>
        <line num="36" type="method" name="handle" visibility="public" complexity="1" crap="2" count="0"/>
        <line num="37" type="stmt" count="0"/>
        <line num="39" type="stmt" count="0"/>
        <line num="41" type="stmt" count="0"/>
        <line num="42" type="stmt" count="0"/>
        <line num="44" type="stmt" count="0"/>
        <line num="45" type="stmt" count="0"/>
        <metrics loc="46" ncloc="32" classes="1" methods="2" coveredmethods="0" conditionals="0" coveredconditionals="0" statements="9" coveredstatements="0" elements="11" coveredelements="0"/>
      </file>
      <file name="/home/wsferreira/projetos/control-media/control-media-backend/src/Presentation/Handler/Media/FindByMediaHandler.php">
        <class name="App\Presentation\Handler\Media\FindByMediaHandler" namespace="App\Presentation\Handler\Media">
          <metrics complexity="2" methods="2" coveredmethods="0" conditionals="0" coveredconditionals="0" statements="9" coveredstatements="0" elements="11" coveredelements="0"/>
        </class>
        <line num="24" type="method" name="__construct" visibility="public" complexity="1" crap="2" count="0"/>
        <line num="25" type="stmt" count="0"/>
        <line num="26" type="stmt" count="0"/>
        <line num="27" type="stmt" count="0"/>
        <line num="36" type="method" name="handle" visibility="public" complexity="1" crap="2" count="0"/>
        <line num="37" type="stmt" count="0"/>
        <line num="39" type="stmt" count="0"/>
        <line num="41" type="stmt" count="0"/>
        <line num="42" type="stmt" count="0"/>
        <line num="44" type="stmt" count="0"/>
        <line num="45" type="stmt" count="0"/>
        <metrics loc="46" ncloc="31" classes="1" methods="2" coveredmethods="0" conditionals="0" coveredconditionals="0" statements="9" coveredstatements="0" elements="11" coveredelements="0"/>
      </file>
      <file name="/home/wsferreira/projetos/control-media/control-media-backend/src/Presentation/Handler/Media/FindMediaHandler.php">
        <class name="App\Presentation\Handler\Media\FindMediaHandler" namespace="App\Presentation\Handler\Media">
          <metrics complexity="3" methods="2" coveredmethods="0" conditionals="0" coveredconditionals="0" statements="12" coveredstatements="0" elements="14" coveredelements="0"/>
        </class>
        <line num="19" type="method" name="__construct" visibility="public" complexity="1" crap="2" count="0"/>
        <line num="20" type="stmt" count="0"/>
        <line num="21" type="stmt" count="0"/>
        <line num="22" type="stmt" count="0"/>
        <line num="30" type="method" name="handle" visibility="public" complexity="2" crap="6" count="0"/>
        <line num="31" type="stmt" count="0"/>
        <line num="32" type="stmt" count="0"/>
        <line num="34" type="stmt" count="0"/>
        <line num="35" type="stmt" count="0"/>
        <line num="36" type="stmt" count="0"/>
        <line num="38" type="stmt" count="0"/>
        <line num="39" type="stmt" count="0"/>
        <line num="41" type="stmt" count="0"/>
        <line num="42" type="stmt" count="0"/>
        <metrics loc="42" ncloc="33" classes="1" methods="2" coveredmethods="0" conditionals="0" coveredconditionals="0" statements="12" coveredstatements="0" elements="14" coveredelements="0"/>
      </file>
      <file name="/home/wsferreira/projetos/control-media/control-media-backend/src/Presentation/Handler/Media/UpdateMediaHandler.php">
        <class name="App\Presentation\Handler\Media\UpdateMediaHandler" namespace="App\Presentation\Handler\Media">
          <metrics complexity="2" methods="2" coveredmethods="0" conditionals="0" coveredconditionals="0" statements="8" coveredstatements="0" elements="10" coveredelements="0"/>
        </class>
        <line num="28" type="method" name="__construct" visibility="public" complexity="1" crap="2" count="0"/>
        <line num="29" type="stmt" count="0"/>
        <line num="30" type="stmt" count="0"/>
        <line num="31" type="stmt" count="0"/>
        <line num="42" type="method" name="handle" visibility="public" complexity="1" crap="2" count="0"/>
        <line num="43" type="stmt" count="0"/>
        <line num="45" type="stmt" count="0"/>
        <line num="46" type="stmt" count="0"/>
        <line num="47" type="stmt" count="0"/>
        <line num="48" type="stmt" count="0"/>
        <metrics loc="49" ncloc="32" classes="1" methods="2" coveredmethods="0" conditionals="0" coveredconditionals="0" statements="8" coveredstatements="0" elements="10" coveredelements="0"/>
      </file>
    </package>
    <package name="App\Presentation\Handler\MediaPersonLoan">
      <file name="/home/wsferreira/projetos/control-media/control-media-backend/src/Presentation/Handler/MediaPersonLoan/CreateMediaPersonLoanHandler.php">
        <class name="App\Presentation\Handler\MediaPersonLoan\CreateMediaPersonLoanHandler" namespace="App\Presentation\Handler\MediaPersonLoan">
          <metrics complexity="2" methods="2" coveredmethods="0" conditionals="0" coveredconditionals="0" statements="8" coveredstatements="0" elements="10" coveredelements="0"/>
        </class>
        <line num="27" type="method" name="__construct" visibility="public" complexity="1" crap="2" count="0"/>
        <line num="28" type="stmt" count="0"/>
        <line num="29" type="stmt" count="0"/>
        <line num="30" type="stmt" count="0"/>
        <line num="40" type="method" name="handle" visibility="public" complexity="1" crap="2" count="0"/>
        <line num="41" type="stmt" count="0"/>
        <line num="43" type="stmt" count="0"/>
        <line num="44" type="stmt" count="0"/>
        <line num="45" type="stmt" count="0"/>
        <line num="46" type="stmt" count="0"/>
        <metrics loc="47" ncloc="31" classes="1" methods="2" coveredmethods="0" conditionals="0" coveredconditionals="0" statements="8" coveredstatements="0" elements="10" coveredelements="0"/>
      </file>
      <file name="/home/wsferreira/projetos/control-media/control-media-backend/src/Presentation/Handler/MediaPersonLoan/ReturnDataPersonPickedUpBookHandler.php">
        <class name="App\Presentation\Handler\MediaPersonLoan\ReturnDataPersonPickedUpBookHandler" namespace="App\Presentation\Handler\MediaPersonLoan">
          <metrics complexity="3" methods="2" coveredmethods="0" conditionals="0" coveredconditionals="0" statements="12" coveredstatements="0" elements="14" coveredelements="0"/>
        </class>
        <line num="21" type="method" name="__construct" visibility="public" complexity="1" crap="2" count="0"/>
        <line num="22" type="stmt" count="0"/>
        <line num="23" type="stmt" count="0"/>
        <line num="24" type="stmt" count="0"/>
        <line num="32" type="method" name="handle" visibility="public" complexity="2" crap="6" count="0"/>
        <line num="33" type="stmt" count="0"/>
        <line num="35" type="stmt" count="0"/>
        <line num="37" type="stmt" count="0"/>
        <line num="38" type="stmt" count="0"/>
        <line num="39" type="stmt" count="0"/>
        <line num="41" type="stmt" count="0"/>
        <line num="42" type="stmt" count="0"/>
        <line num="44" type="stmt" count="0"/>
        <line num="45" type="stmt" count="0"/>
        <metrics loc="46" ncloc="36" classes="1" methods="2" coveredmethods="0" conditionals="0" coveredconditionals="0" statements="12" coveredstatements="0" elements="14" coveredelements="0"/>
      </file>
      <file name="/home/wsferreira/projetos/control-media/control-media-backend/src/Presentation/Handler/MediaPersonLoan/ReturnMediaPersonLoanHandler.php">
        <class name="App\Presentation\Handler\MediaPersonLoan\ReturnMediaPersonLoanHandler" namespace="App\Presentation\Handler\MediaPersonLoan">
          <metrics complexity="2" methods="2" coveredmethods="0" conditionals="0" coveredconditionals="0" statements="8" coveredstatements="0" elements="10" coveredelements="0"/>
        </class>
        <line num="27" type="method" name="__construct" visibility="public" complexity="1" crap="2" count="0"/>
        <line num="28" type="stmt" count="0"/>
        <line num="29" type="stmt" count="0"/>
        <line num="30" type="stmt" count="0"/>
        <line num="40" type="method" name="handle" visibility="public" complexity="1" crap="2" count="0"/>
        <line num="41" type="stmt" count="0"/>
        <line num="43" type="stmt" count="0"/>
        <line num="44" type="stmt" count="0"/>
        <line num="45" type="stmt" count="0"/>
        <line num="46" type="stmt" count="0"/>
        <metrics loc="47" ncloc="31" classes="1" methods="2" coveredmethods="0" conditionals="0" coveredconditionals="0" statements="8" coveredstatements="0" elements="10" coveredelements="0"/>
      </file>
    </package>
    <package name="App\Presentation\Handler\Person">
      <file name="/home/wsferreira/projetos/control-media/control-media-backend/src/Presentation/Handler/Person/CreatePersonHandler.php">
        <class name="App\Presentation\Handler\Person\CreatePersonHandler" namespace="App\Presentation\Handler\Person">
          <metrics complexity="2" methods="2" coveredmethods="0" conditionals="0" coveredconditionals="0" statements="8" coveredstatements="0" elements="10" coveredelements="0"/>
        </class>
        <line num="22" type="method" name="__construct" visibility="public" complexity="1" crap="2" count="0"/>
        <line num="23" type="stmt" count="0"/>
        <line num="24" type="stmt" count="0"/>
        <line num="25" type="stmt" count="0"/>
        <line num="34" type="method" name="handle" visibility="public" complexity="1" crap="2" count="0"/>
        <line num="35" type="stmt" count="0"/>
        <line num="36" type="stmt" count="0"/>
        <line num="37" type="stmt" count="0"/>
        <line num="39" type="stmt" count="0"/>
        <line num="40" type="stmt" count="0"/>
        <metrics loc="41" ncloc="31" classes="1" methods="2" coveredmethods="0" conditionals="0" coveredconditionals="0" statements="8" coveredstatements="0" elements="10" coveredelements="0"/>
      </file>
      <file name="/home/wsferreira/projetos/control-media/control-media-backend/src/Presentation/Handler/Person/FindAllPersonHandler.php">
        <class name="App\Presentation\Handler\Person\FindAllPersonHandler" namespace="App\Presentation\Handler\Person">
          <metrics complexity="2" methods="2" coveredmethods="0" conditionals="0" coveredconditionals="0" statements="9" coveredstatements="0" elements="11" coveredelements="0"/>
        </class>
        <line num="25" type="method" name="__construct" visibility="public" complexity="1" crap="2" count="0"/>
        <line num="26" type="stmt" count="0"/>
        <line num="27" type="stmt" count="0"/>
        <line num="28" type="stmt" count="0"/>
        <line num="36" type="method" name="handle" visibility="public" complexity="1" crap="2" count="0"/>
        <line num="37" type="stmt" count="0"/>
        <line num="39" type="stmt" count="0"/>
        <line num="41" type="stmt" count="0"/>
        <line num="42" type="stmt" count="0"/>
        <line num="44" type="stmt" count="0"/>
        <line num="45" type="stmt" count="0"/>
        <metrics loc="46" ncloc="32" classes="1" methods="2" coveredmethods="0" conditionals="0" coveredconditionals="0" statements="9" coveredstatements="0" elements="11" coveredelements="0"/>
      </file>
      <file name="/home/wsferreira/projetos/control-media/control-media-backend/src/Presentation/Handler/Person/FindPersonHandler.php">
        <class name="App\Presentation\Handler\Person\FindPersonHandler" namespace="App\Presentation\Handler\Person">
          <metrics complexity="3" methods="2" coveredmethods="0" conditionals="0" coveredconditionals="0" statements="12" coveredstatements="0" elements="14" coveredelements="0"/>
        </class>
        <line num="21" type="method" name="__construct" visibility="public" complexity="1" crap="2" count="0"/>
        <line num="22" type="stmt" count="0"/>
        <line num="23" type="stmt" count="0"/>
        <line num="24" type="stmt" count="0"/>
        <line num="32" type="method" name="handle" visibility="public" complexity="2" crap="6" count="0"/>
        <line num="33" type="stmt" count="0"/>
        <line num="34" type="stmt" count="0"/>
        <line num="36" type="stmt" count="0"/>
        <line num="37" type="stmt" count="0"/>
        <line num="38" type="stmt" count="0"/>
        <line num="40" type="stmt" count="0"/>
        <line num="41" type="stmt" count="0"/>
        <line num="43" type="stmt" count="0"/>
        <line num="44" type="stmt" count="0"/>
        <metrics loc="44" ncloc="34" classes="1" methods="2" coveredmethods="0" conditionals="0" coveredconditionals="0" statements="12" coveredstatements="0" elements="14" coveredelements="0"/>
      </file>
    </package>
    <package name="App\Handler\Person">
      <file name="/home/wsferreira/projetos/control-media/control-media-backend/src/Presentation/Handler/Person/DeletePersonHandler.php">
        <class name="App\Handler\Person\DeletePersonHandler" namespace="App\Handler\Person">
          <metrics complexity="2" methods="2" coveredmethods="0" conditionals="0" coveredconditionals="0" statements="8" coveredstatements="0" elements="10" coveredelements="0"/>
        </class>
        <line num="22" type="method" name="__construct" visibility="public" complexity="1" crap="2" count="0"/>
        <line num="23" type="stmt" count="0"/>
        <line num="24" type="stmt" count="0"/>
        <line num="25" type="stmt" count="0"/>
        <line num="33" type="method" name="handle" visibility="public" complexity="1" crap="2" count="0"/>
        <line num="34" type="stmt" count="0"/>
        <line num="35" type="stmt" count="0"/>
        <line num="36" type="stmt" count="0"/>
        <line num="38" type="stmt" count="0"/>
        <line num="39" type="stmt" count="0"/>
        <metrics loc="40" ncloc="27" classes="1" methods="2" coveredmethods="0" conditionals="0" coveredconditionals="0" statements="8" coveredstatements="0" elements="10" coveredelements="0"/>
      </file>
      <file name="/home/wsferreira/projetos/control-media/control-media-backend/src/Presentation/Handler/Person/UpdatePersonHandler.php">
        <class name="App\Handler\Person\UpdatePersonHandler" namespace="App\Handler\Person">
          <metrics complexity="2" methods="2" coveredmethods="0" conditionals="0" coveredconditionals="0" statements="9" coveredstatements="0" elements="11" coveredelements="0"/>
        </class>
        <line num="25" type="method" name="__construct" visibility="public" complexity="1" crap="2" count="0"/>
        <line num="26" type="stmt" count="0"/>
        <line num="27" type="stmt" count="0"/>
        <line num="28" type="stmt" count="0"/>
        <line num="38" type="method" name="handle" visibility="public" complexity="1" crap="2" count="0"/>
        <line num="39" type="stmt" count="0"/>
        <line num="40" type="stmt" count="0"/>
        <line num="43" type="stmt" count="0"/>
        <line num="44" type="stmt" count="0"/>
        <line num="45" type="stmt" count="0"/>
        <line num="46" type="stmt" count="0"/>
        <metrics loc="47" ncloc="32" classes="1" methods="2" coveredmethods="0" conditionals="0" coveredconditionals="0" statements="9" coveredstatements="0" elements="11" coveredelements="0"/>
      </file>
    </package>
    <metrics files="71" loc="2948" ncloc="2087" classes="57" methods="151" coveredmethods="0" conditionals="0" coveredconditionals="0" statements="730" coveredstatements="0" elements="881" coveredelements="0"/>
  </project>
</coverage>
